7/2/2015 6:49:03 PM: Connecting to tcp://localhost:9092/csharp_win_svc
7/2/2015 6:49:04 PM: please wait for result..
7/2/2015 6:49:04 PM: Microsoft (R) Windows Script Host Version 5.8
Copyright (C) Microsoft Corporation. All rights reserved.

This will go to standard output.

7/2/2015 6:49:04 PM: End for server: localhost:9092
7/2/2015 6:49:04 PM: 
7/2/2015 6:50:40 PM: Connecting to tcp://localhost:9092/csharp_win_svc
7/2/2015 6:50:41 PM: please wait for result..
7/2/2015 6:50:42 PM: Microsoft (R) Windows Script Host Version 5.8
Copyright (C) Microsoft Corporation. All rights reserved.

This will go to standard output.

7/2/2015 6:50:42 PM: End for server: localhost:9092
7/2/2015 6:50:42 PM: 
7/2/2015 6:51:21 PM: Connecting to tcp://localhost:9092/csharp_win_svc
7/2/2015 6:51:22 PM: please wait for result..
7/2/2015 6:51:22 PM: Microsoft (R) Windows Script Host Version 5.8
Copyright (C) Microsoft Corporation. All rights reserved.

This will go to standard output.

7/2/2015 6:51:22 PM: End for server: localhost:9092
7/2/2015 6:51:22 PM: 
7/2/2015 6:51:27 PM: Connecting to tcp://localhost:9092/csharp_win_svc
7/2/2015 6:51:28 PM: please wait for result..
7/2/2015 6:51:28 PM: Microsoft (R) Windows Script Host Version 5.8
Copyright (C) Microsoft Corporation. All rights reserved.

This will go to standard output.

7/2/2015 6:51:28 PM: End for server: localhost:9092
7/2/2015 6:51:28 PM: 
7/2/2015 7:10:59 PM: Connecting to tcp://localhost:9092/csharp_win_svc
7/2/2015 7:11:00 PM: Please wait for result..
7/2/2015 7:11:00 PM: Microsoft (R) Windows Script Host Version 5.8
Copyright (C) Microsoft Corporation. All rights reserved.

This will go to standard output.

7/2/2015 7:11:00 PM: End for server: localhost:9092
7/2/2015 7:11:00 PM: 
7/2/2015 7:24:05 PM: Connecting to tcp://localhost:9092/csharp_win_svc
7/2/2015 7:24:06 PM: Please wait for result..
7/2/2015 7:24:06 PM: Microsoft (R) Windows Script Host Version 5.8
Copyright (C) Microsoft Corporation. All rights reserved.

This will go to standard output.

7/2/2015 7:24:06 PM: End for server: localhost:9092
7/2/2015 7:24:06 PM: 
7/2/2015 7:24:51 PM: Connecting to tcp://localhost:9092/csharp_win_svc
7/2/2015 7:24:52 PM: Please wait for reading result..

7/2/2015 7:24:52 PM: Microsoft (R) Windows Script Host Version 5.8
Copyright (C) Microsoft Corporation. All rights reserved.

This will go to standard output.

7/2/2015 7:24:52 PM: End for server: localhost:9092
7/2/2015 7:24:52 PM: 
7/2/2015 7:25:12 PM: Connecting to tcp://localhost:9092/csharp_win_svc
7/2/2015 7:25:13 PM: Please wait for reading result..

7/2/2015 7:25:13 PM: Microsoft (R) Windows Script Host Version 5.8
Copyright (C) Microsoft Corporation. All rights reserved.

This will go to standard output.

7/2/2015 7:25:13 PM: End for server: localhost:9092
7/2/2015 7:25:13 PM: 
7/2/2015 7:26:23 PM: Connecting to tcp://localhost:9092/csharp_win_svc
7/2/2015 7:26:24 PM: Please wait for result..
7/2/2015 7:26:24 PM: Microsoft (R) Windows Script Host Version 5.8
Copyright (C) Microsoft Corporation. All rights reserved.

This will go to standard output.

7/2/2015 7:26:24 PM: End for server: localhost:9092
7/2/2015 7:26:24 PM: 
7/2/2015 7:26:53 PM: Connecting to tcp://localhost:9092/csharp_win_svc
7/2/2015 7:26:54 PM: Please wait for result..
7/2/2015 7:26:54 PM: Microsoft (R) Windows Script Host Version 5.8
Copyright (C) Microsoft Corporation. All rights reserved.

This will go to standard output.

7/2/2015 7:26:54 PM: End for server: localhost:9092
7/2/2015 7:26:54 PM: 
7/2/2015 7:27:16 PM: Connecting to tcp://localhost:9092/csharp_win_svc
7/2/2015 7:27:17 PM: Please wait for result..
7/2/2015 7:27:17 PM: -- start --
7/2/2015 7:27:17 PM: Microsoft (R) Windows Script Host Version 5.8
Copyright (C) Microsoft Corporation. All rights reserved.

This will go to standard output.

7/2/2015 7:27:17 PM: -- end --
7/2/2015 7:27:17 PM: End for server: localhost:9092
7/2/2015 7:27:17 PM: 
7/2/2015 7:27:36 PM: Connecting to tcp://localhost:9092/csharp_win_svc
7/2/2015 7:27:37 PM: Please wait for result..
7/2/2015 7:27:37 PM: -- start --
7/2/2015 7:27:37 PM: Microsoft (R) Windows Script Host Version 5.8
Copyright (C) Microsoft Corporation. All rights reserved.

This will go to standard output.
7/2/2015 7:27:37 PM: -- end --
7/2/2015 7:27:37 PM: End for server: localhost:9092
7/2/2015 7:27:37 PM: 
7/2/2015 7:28:03 PM: Connecting to tcp://localhost:9092/csharp_win_svc
7/2/2015 7:28:04 PM: Please wait for result..
7/2/2015 7:28:04 PM: -- remote output: start --
7/2/2015 7:28:04 PM: Microsoft (R) Windows Script Host Version 5.8
Copyright (C) Microsoft Corporation. All rights reserved.

This will go to standard output.
7/2/2015 7:28:04 PM: -- remote output: end --
7/2/2015 7:28:04 PM: End for server: localhost:9092
7/2/2015 7:28:04 PM: 
7/2/2015 7:28:26 PM: Connecting to tcp://localhost:9092/csharp_win_svc
7/2/2015 7:28:27 PM: Please wait for result..
7/2/2015 7:28:27 PM: -- remote output: start --
7/2/2015 7:28:27 PM: Microsoft (R) Windows Script Host Version 5.8
Copyright (C) Microsoft Corporation. All rights reserved.

This will go to standard output.
7/2/2015 7:28:27 PM: -- remote output: end --
7/2/2015 7:28:27 PM: End for server: localhost:9092
7/2/2015 7:28:27 PM: 
7/2/2015 7:28:48 PM: Connecting to tcp://localhost:9092/csharp_win_svc
7/2/2015 7:28:49 PM: Please wait for result..
7/2/2015 7:28:49 PM: 
-- remote output: start --
7/2/2015 7:28:49 PM: Microsoft (R) Windows Script Host Version 5.8
Copyright (C) Microsoft Corporation. All rights reserved.

This will go to standard output.
7/2/2015 7:28:49 PM: -- remote output: end --

7/2/2015 7:28:49 PM: End for server: localhost:9092
7/2/2015 7:28:49 PM: 
7/2/2015 7:33:25 PM: Connecting to tcp://localhost:9092/csharp_win_svc
7/2/2015 7:33:26 PM: Please wait for result..
7/2/2015 7:33:26 PM: 
-- remote output: start --
7/2/2015 7:33:26 PM: Microsoft (R) Windows Script Host Version 5.8
Copyright (C) Microsoft Corporation. All rights reserved.

This will go to standard output.
7/2/2015 7:33:26 PM: -- remote output: end --

7/2/2015 7:33:26 PM: End for server: localhost:9092
7/2/2015 7:33:26 PM: 
7/2/2015 7:33:47 PM: Connecting to tcp://localhost:9092/csharp_win_svc
7/2/2015 7:33:48 PM: Please wait for result..
7/2/2015 7:33:48 PM: 
-- remote output: start --
7/2/2015 7:33:48 PM: Microsoft (R) Windows Script Host Version 5.8
Copyright (C) Microsoft Corporation. All rights reserved.

test.vbs: This will go to standard output.
7/2/2015 7:33:48 PM: -- remote output: end --

7/2/2015 7:33:48 PM: End for server: localhost:9092
7/2/2015 7:33:48 PM: 
